<?xml version="1.0" encoding="UTF-8"?>
<!-- Generated by org.testng.reporters.JUnitReportReporter -->
<testsuite hostname="Hugo-Tech-175" failures="0" tests="1" name="testCases.emailInputTest" time="44.989" errors="0" timestamp="2022-01-20T21:43:27 WAT" skipped="0">
  <testcase classname="testCases.emailInputTest" name="emailWrongInput" time="44.989"/>
  <system-out/>
</testsuite> <!-- testCases.emailInputTest -->
