<?xml version="1.0" encoding="UTF-8"?>
<!-- Generated by org.testng.reporters.JUnitReportReporter -->
<testsuite hostname="Hugo-Tech-175" failures="0" tests="1" name="testCases.emailInputTest" time="7.808" errors="0" timestamp="2022-01-22T14:54:33 WAT" skipped="0">
  <testcase classname="testCases.emailInputTest" name="emailWrongInput" time="7.808"/>
  <system-out/>
</testsuite> <!-- testCases.emailInputTest -->
